<?xml version="1.0" encoding="UTF-8"?>
<!-- Generated by org.testng.reporters.JUnitXMLReporter -->
<testsuite hostname="pit01nb242" name="LoginTest" tests="10" failures="0" timestamp="31 Mar 2021 21:46:41 GMT" time="67.218" errors="0">
  <testcase name="openClickDocURL" time="1.924" classname="com.cgm.clickdoc.testsuite.LoginTest"/>
  <testcase name="checkLoginPageElementsBySelectingProfileButton" time="11.108" classname="com.cgm.clickdoc.testsuite.LoginTest"/>
  <testcase name="checkLoginWithoutUsernameAndPassword" time="0.208" classname="com.cgm.clickdoc.testsuite.LoginTest"/>
  <testcase name="checkEmailInputFieldWithValidEmail" time="10.203" classname="com.cgm.clickdoc.testsuite.LoginTest"/>
  <testcase name="checkPasswordInputFieldWithWrongPassword" time="10.193" classname="com.cgm.clickdoc.testsuite.LoginTest"/>
  <testcase name="checkLoginWithWrongPassword" time="1.476" classname="com.cgm.clickdoc.testsuite.LoginTest"/>
  <testcase name="checkLoginWithInvalidEmail" time="1.7" classname="com.cgm.clickdoc.testsuite.LoginTest"/>
  <testcase name="checkLoginWithValidUsernameAndPassword" time="15.91" classname="com.cgm.clickdoc.testsuite.LoginTest"/>
  <testcase name="checkProfileButtonMenuOptions" time="10.291" classname="com.cgm.clickdoc.testsuite.LoginTest"/>
  <testcase name="checkLogout" time="1.535" classname="com.cgm.clickdoc.testsuite.LoginTest"/>
</testsuite> <!-- LoginTest -->
