<?xml version="1.0" encoding="UTF-8"?>
<!-- Generated by org.testng.reporters.JUnitXMLReporter -->
<testsuite hostname="pit01nb242" name="PhysicianSearchTest" tests="22" failures="0" timestamp="31 Mar 2021 21:50:57 GMT" time="323.051" errors="0">
  <testcase name="openClickDocURL" time="3.895" classname="com.cgm.clickdoc.testsuite.PhysicianSearchTest"/>
  <testcase name="clickOnSearch" time="1.013" classname="com.cgm.clickdoc.testsuite.PhysicianSearchTest"/>
  <testcase name="checkSearchSection" time="0.18" classname="com.cgm.clickdoc.testsuite.PhysicianSearchTest"/>
  <testcase name="checkSortingSection" time="0.138" classname="com.cgm.clickdoc.testsuite.PhysicianSearchTest"/>
  <testcase name="checkResultSection" time="0.059" classname="com.cgm.clickdoc.testsuite.PhysicianSearchTest"/>
  <testcase name="checkNameField" time="0.573" classname="com.cgm.clickdoc.testsuite.PhysicianSearchTest"/>
  <testcase name="checkNameFieldFurtherInputRefineSearch" time="0.988" classname="com.cgm.clickdoc.testsuite.PhysicianSearchTest"/>
  <testcase name="checkNameFieldFurtherInputWithNoSearchResults" time="10.774" classname="com.cgm.clickdoc.testsuite.PhysicianSearchTest"/>
  <testcase name="checkSearchResultSectionWithValidNameInput" time="0.887" classname="com.cgm.clickdoc.testsuite.PhysicianSearchTest"/>
  <testcase name="checkSearchResultObjects" time="95.484" classname="com.cgm.clickdoc.testsuite.PhysicianSearchTest"/>
  <testcase name="scrollDownAndCheckShowMoreButtonAtPageBottom" time="0.11" classname="com.cgm.clickdoc.testsuite.PhysicianSearchTest"/>
  <testcase name="checkAdditionalSearchResultsByClickingShowMoreButton" time="10.306" classname="com.cgm.clickdoc.testsuite.PhysicianSearchTest"/>
  <testcase name="scrollUpAndCheckLocationInputField" time="0.708" classname="com.cgm.clickdoc.testsuite.PhysicianSearchTest"/>
  <testcase name="checkSearchResultBySelectingLocation" time="10.652" classname="com.cgm.clickdoc.testsuite.PhysicianSearchTest"/>
  <testcase name="checkOnlineBookableCheckboxAndSubFields" time="0.223" classname="com.cgm.clickdoc.testsuite.PhysicianSearchTest"/>
  <testcase name="clickSearchButtonAndCheckOnlineBookableAppointments" time="10.278" classname="com.cgm.clickdoc.testsuite.PhysicianSearchTest"/>
  <testcase name="checkVideoConferenceSearchResults" time="11.31" classname="com.cgm.clickdoc.testsuite.PhysicianSearchTest"/>
  <testcase name="checkBarrierFreeSearchResults" time="151.595" classname="com.cgm.clickdoc.testsuite.PhysicianSearchTest"/>
  <testcase name="checkAlphabeticalSortingOfSearchResults" time="10.472" classname="com.cgm.clickdoc.testsuite.PhysicianSearchTest"/>
  <testcase name="checkDistanceSort" time="0.199" classname="com.cgm.clickdoc.testsuite.PhysicianSearchTest"/>
  <testcase name="holdAndDragUmkreisSlider" time="0.22" classname="com.cgm.clickdoc.testsuite.PhysicianSearchTest"/>
  <testcase name="releaseUmkreisSlider" time="0.301" classname="com.cgm.clickdoc.testsuite.PhysicianSearchTest"/>
</testsuite> <!-- PhysicianSearchTest -->
